CRITICAL - 2022-08-17 10:17:45 --> You must set the database table to be used with your query.
in SYSTEMPATH\Database\BaseConnection.php on line 874.
 1 SYSTEMPATH\Model.php(586): CodeIgniter\Database\BaseConnection->table(null)
 2 SYSTEMPATH\Model.php(763): CodeIgniter\Model->builder()
 3 APPPATH\Controllers\Home.php(21): CodeIgniter\Model->__call('getUniquePageNames', [])
 4 SYSTEMPATH\CodeIgniter.php(896): App\Controllers\Home->verified()
 5 SYSTEMPATH\CodeIgniter.php(466): CodeIgniter\CodeIgniter->runController(Object(App\Controllers\Home))
 6 SYSTEMPATH\CodeIgniter.php(349): CodeIgniter\CodeIgniter->handleRequest(null, Object(Config\Cache), false)
 7 FCPATH\index.php(55): CodeIgniter\CodeIgniter->run()
CRITICAL - 2022-08-17 10:18:03 --> Undefined variable: admin_pages_master_detail
in APPPATH\Views\components\simplebannercomponentList.php on line 42.
 1 APPPATH\Views\components\simplebannercomponentList.php(42): CodeIgniter\Debug\Exceptions->errorHandler(8, 'Undefined variable: admin_pages_master_detail', 'APPPATH\\Views\\components\\simplebannercomponentList.php', 42, [...])
 2 SYSTEMPATH\View\View.php(213): include('APPPATH\\Views\\components\\simplebannercomponentList.php')
 3 SYSTEMPATH\View\View.php(216): CodeIgniter\View\View->CodeIgniter\View\{closure}()
 4 SYSTEMPATH\Common.php(1135): CodeIgniter\View\View->render('components/simplebannercomponentList', [], true)
 5 APPPATH\Controllers\SimpleBannerComponentMaster.php(17): view('components/simplebannercomponentList', [...])
 6 SYSTEMPATH\CodeIgniter.php(896): App\Controllers\SimpleBannerComponentMaster->index()
 7 SYSTEMPATH\CodeIgniter.php(466): CodeIgniter\CodeIgniter->runController(Object(App\Controllers\SimpleBannerComponentMaster))
 8 SYSTEMPATH\CodeIgniter.php(349): CodeIgniter\CodeIgniter->handleRequest(null, Object(Config\Cache), false)
 9 FCPATH\index.php(55): CodeIgniter\CodeIgniter->run()
CRITICAL - 2022-08-17 10:24:48 --> Undefined variable: sbc_component_id
in APPPATH\Controllers\SimpleBannerComponentMaster.php on line 60.
 1 APPPATH\Controllers\SimpleBannerComponentMaster.php(60): CodeIgniter\Debug\Exceptions->errorHandler(8, 'Undefined variable: sbc_component_id', 'APPPATH\\Controllers\\SimpleBannerComponentMaster.php', 60, [...])
 2 SYSTEMPATH\CodeIgniter.php(896): App\Controllers\SimpleBannerComponentMaster->edit('1')
 3 SYSTEMPATH\CodeIgniter.php(466): CodeIgniter\CodeIgniter->runController(Object(App\Controllers\SimpleBannerComponentMaster))
 4 SYSTEMPATH\CodeIgniter.php(349): CodeIgniter\CodeIgniter->handleRequest(null, Object(Config\Cache), false)
 5 FCPATH\index.php(55): CodeIgniter\CodeIgniter->run()
CRITICAL - 2022-08-17 10:27:06 --> Undefined variable: sbc_component_id
in APPPATH\Controllers\SimpleBannerComponentMaster.php on line 60.
 1 APPPATH\Controllers\SimpleBannerComponentMaster.php(60): CodeIgniter\Debug\Exceptions->errorHandler(8, 'Undefined variable: sbc_component_id', 'APPPATH\\Controllers\\SimpleBannerComponentMaster.php', 60, [...])
 2 SYSTEMPATH\CodeIgniter.php(896): App\Controllers\SimpleBannerComponentMaster->edit('1')
 3 SYSTEMPATH\CodeIgniter.php(466): CodeIgniter\CodeIgniter->runController(Object(App\Controllers\SimpleBannerComponentMaster))
 4 SYSTEMPATH\CodeIgniter.php(349): CodeIgniter\CodeIgniter->handleRequest(null, Object(Config\Cache), false)
 5 FCPATH\index.php(55): CodeIgniter\CodeIgniter->run()
CRITICAL - 2022-08-17 11:28:33 --> You must set the database table to be used with your query.
in SYSTEMPATH\Database\BaseConnection.php on line 874.
 1 SYSTEMPATH\Model.php(586): CodeIgniter\Database\BaseConnection->table(null)
 2 SYSTEMPATH\Model.php(763): CodeIgniter\Model->builder()
 3 APPPATH\Controllers\Home.php(21): CodeIgniter\Model->__call('getUniquePageNames', [])
 4 SYSTEMPATH\CodeIgniter.php(896): App\Controllers\Home->verified()
 5 SYSTEMPATH\CodeIgniter.php(466): CodeIgniter\CodeIgniter->runController(Object(App\Controllers\Home))
 6 SYSTEMPATH\CodeIgniter.php(349): CodeIgniter\CodeIgniter->handleRequest(null, Object(Config\Cache), false)
 7 FCPATH\index.php(55): CodeIgniter\CodeIgniter->run()
CRITICAL - 2022-08-17 11:29:08 --> You must set the database table to be used with your query.
in SYSTEMPATH\Database\BaseConnection.php on line 874.
 1 SYSTEMPATH\Model.php(586): CodeIgniter\Database\BaseConnection->table(null)
 2 SYSTEMPATH\Model.php(763): CodeIgniter\Model->builder()
 3 APPPATH\Controllers\Home.php(21): CodeIgniter\Model->__call('getUniquePageNames', [])
 4 SYSTEMPATH\CodeIgniter.php(896): App\Controllers\Home->verified()
 5 SYSTEMPATH\CodeIgniter.php(466): CodeIgniter\CodeIgniter->runController(Object(App\Controllers\Home))
 6 SYSTEMPATH\CodeIgniter.php(349): CodeIgniter\CodeIgniter->handleRequest(null, Object(Config\Cache), false)
 7 FCPATH\index.php(55): CodeIgniter\CodeIgniter->run()
CRITICAL - 2022-08-17 11:29:24 --> You must set the database table to be used with your query.
in SYSTEMPATH\Database\BaseConnection.php on line 874.
 1 SYSTEMPATH\Model.php(586): CodeIgniter\Database\BaseConnection->table(null)
 2 SYSTEMPATH\Model.php(763): CodeIgniter\Model->builder()
 3 APPPATH\Controllers\Home.php(21): CodeIgniter\Model->__call('getUniquePageNames', [])
 4 SYSTEMPATH\CodeIgniter.php(896): App\Controllers\Home->verified()
 5 SYSTEMPATH\CodeIgniter.php(466): CodeIgniter\CodeIgniter->runController(Object(App\Controllers\Home))
 6 SYSTEMPATH\CodeIgniter.php(349): CodeIgniter\CodeIgniter->handleRequest(null, Object(Config\Cache), false)
 7 FCPATH\index.php(55): CodeIgniter\CodeIgniter->run()
CRITICAL - 2022-08-17 11:29:50 --> You must set the database table to be used with your query.
in SYSTEMPATH\Database\BaseConnection.php on line 874.
 1 SYSTEMPATH\Model.php(586): CodeIgniter\Database\BaseConnection->table(null)
 2 SYSTEMPATH\Model.php(763): CodeIgniter\Model->builder()
 3 APPPATH\Controllers\Home.php(21): CodeIgniter\Model->__call('getUniquePageNames', [])
 4 SYSTEMPATH\CodeIgniter.php(896): App\Controllers\Home->verified()
 5 SYSTEMPATH\CodeIgniter.php(466): CodeIgniter\CodeIgniter->runController(Object(App\Controllers\Home))
 6 SYSTEMPATH\CodeIgniter.php(349): CodeIgniter\CodeIgniter->handleRequest(null, Object(Config\Cache), false)
 7 FCPATH\index.php(55): CodeIgniter\CodeIgniter->run()
